2024-12-22 23:54:56,812 - INFO - Sandbox Execution: keystroke input executed.
2024-12-22 23:54:56,812 - INFO - Output: chmod +x bad_script.sh
2024-12-22 23:54:56,812 - INFO - Errors: 
2024-12-22 23:54:56,813 - INFO - Sandbox Execution: usb_device input executed.
2024-12-22 23:54:56,813 - INFO - Output: Fake USB Device Info
2024-12-22 23:54:56,813 - INFO - Errors: 
2024-12-22 23:56:17,480 - WARNING - Compiled the loaded model, but the compiled metrics have yet to be built. `model.compile_metrics` will be empty until you train or evaluate the model.
2024-12-22 23:56:17,528 - WARNING - Compiled the loaded model, but the compiled metrics have yet to be built. `model.compile_metrics` will be empty until you train or evaluate the model.
2024-12-22 23:56:20,143 - INFO - Sandbox Execution: usb_device input executed.
2024-12-22 23:56:20,143 - INFO - Output: Bus 001 Device 001: ID 1d6b:0002 Linux Foundation 2.0 root hub
2024-12-22 23:56:20,143 - INFO - Errors: 
2024-12-22 23:56:20,145 - INFO - Sandbox Execution: usb_device input executed.
2024-12-22 23:56:20,146 - INFO - Output: Bus 002 Device 001: ID 1d6b:0003 Linux Foundation 3.0 root hub
2024-12-22 23:56:20,146 - INFO - Errors: 
2024-12-22 23:56:20,148 - INFO - Sandbox Execution: usb_device input executed.
2024-12-22 23:56:20,148 - INFO - Output: Bus 003 Device 001: ID 1d6b:0002 Linux Foundation 2.0 root hub
2024-12-22 23:56:20,148 - INFO - Errors: 
2024-12-22 23:56:20,151 - INFO - Sandbox Execution: usb_device input executed.
2024-12-22 23:56:20,151 - INFO - Output: Bus 003 Device 002: ID 248a:8366 Maxxter Wireless Optical Mouse ACT-MUSW-002
2024-12-22 23:56:20,151 - INFO - Errors: 
2024-12-22 23:56:20,153 - INFO - Sandbox Execution: usb_device input executed.
2024-12-22 23:56:20,153 - INFO - Output: Bus 003 Device 003: ID 04f2:b756 Chicony Electronics Co., Ltd Integrated Camera
2024-12-22 23:56:20,153 - INFO - Errors: 
2024-12-22 23:56:20,156 - INFO - Sandbox Execution: usb_device input executed.
2024-12-22 23:56:20,156 - INFO - Output: Bus 003 Device 004: ID 8087:0033 Intel Corp. AX211 Bluetooth
2024-12-22 23:56:20,156 - INFO - Errors: 
2024-12-22 23:56:20,157 - INFO - Sandbox Execution: usb_device input executed.
2024-12-22 23:56:20,157 - INFO - Output: Bus 004 Device 001: ID 1d6b:0003 Linux Foundation 3.0 root hub
2024-12-22 23:56:20,157 - INFO - Errors: 
2024-12-22 23:56:20,158 - INFO - Sandbox Execution: usb_device input executed.
2024-12-22 23:56:20,158 - INFO - Output: Sample content of the USB device.

2024-12-22 23:56:20,158 - INFO - Errors: 
2024-12-22 23:56:29,170 - INFO - Sandbox Execution: keystroke input executed.
2024-12-22 23:56:29,170 - INFO - Output: c
2024-12-22 23:56:29,170 - INFO - Errors: 
2024-12-22 23:56:29,365 - INFO - Sandbox Execution: keystroke input executed.
2024-12-22 23:56:29,365 - INFO - Output: h
2024-12-22 23:56:29,365 - INFO - Errors: 
2024-12-22 23:56:29,594 - INFO - Sandbox Execution: keystroke input executed.
2024-12-22 23:56:29,594 - INFO - Output: m
2024-12-22 23:56:29,594 - INFO - Errors: 
2024-12-22 23:56:29,749 - INFO - Sandbox Execution: keystroke input executed.
2024-12-22 23:56:29,749 - INFO - Output: o
2024-12-22 23:56:29,750 - INFO - Errors: 
2024-12-22 23:56:29,845 - INFO - Sandbox Execution: keystroke input executed.
2024-12-22 23:56:29,845 - INFO - Output: d
2024-12-22 23:56:29,845 - INFO - Errors: 
2024-12-22 23:56:30,550 - INFO - Sandbox Execution: keystroke input executed.
2024-12-22 23:56:30,551 - INFO - Output: Key.space
2024-12-22 23:56:30,551 - INFO - Errors: 
2024-12-22 23:56:31,294 - INFO - Sandbox Execution: keystroke input executed.
2024-12-22 23:56:31,294 - INFO - Output: Key.shift
2024-12-22 23:56:31,294 - INFO - Errors: 
2024-12-22 23:56:31,446 - INFO - Sandbox Execution: keystroke input executed.
2024-12-22 23:56:31,446 - INFO - Output: +
2024-12-22 23:56:31,446 - INFO - Errors: 
2024-12-22 23:56:31,664 - INFO - Sandbox Execution: keystroke input executed.
2024-12-22 23:56:31,664 - INFO - Output: x
2024-12-22 23:56:31,664 - INFO - Errors: 
2024-12-22 23:56:32,989 - INFO - Sandbox Execution: keystroke input executed.
2024-12-22 23:56:32,989 - INFO - Output: Key.enter
2024-12-22 23:56:32,989 - INFO - Errors: 
2024-12-22 23:56:40,685 - INFO - Sandbox Execution: keystroke input executed.
2024-12-22 23:56:40,685 - INFO - Output: l
2024-12-22 23:56:40,685 - INFO - Errors: 
2024-12-22 23:56:40,794 - INFO - Sandbox Execution: keystroke input executed.
2024-12-22 23:56:40,794 - INFO - Output: s
2024-12-22 23:56:40,794 - INFO - Errors: 
2024-12-22 23:56:40,882 - INFO - Sandbox Execution: keystroke input executed.
2024-12-22 23:56:40,882 - INFO - Output: Key.space
2024-12-22 23:56:40,882 - INFO - Errors: 
2024-12-22 23:56:41,092 - INFO - Sandbox Execution: keystroke input executed.
2024-12-22 23:56:41,092 - INFO - Output: -
2024-12-22 23:56:41,093 - INFO - Errors: 
2024-12-22 23:56:47,951 - INFO - Sandbox Execution: keystroke input executed.
2024-12-22 23:56:47,951 - INFO - Output: Key.enter
2024-12-22 23:56:47,952 - INFO - Errors: 
2024-12-22 23:57:04,628 - INFO - Sandbox Execution: keystroke input executed.
2024-12-22 23:57:04,628 - INFO - Output: g
2024-12-22 23:57:04,628 - INFO - Errors: 
2024-12-22 23:57:04,781 - INFO - Sandbox Execution: keystroke input executed.
2024-12-22 23:57:04,781 - INFO - Output: i
2024-12-22 23:57:04,781 - INFO - Errors: 
2024-12-22 23:57:04,892 - INFO - Sandbox Execution: keystroke input executed.
2024-12-22 23:57:04,892 - INFO - Output: t
2024-12-22 23:57:04,892 - INFO - Errors: 
2024-12-22 23:57:05,016 - INFO - Sandbox Execution: keystroke input executed.
2024-12-22 23:57:05,017 - INFO - Output: Key.space
2024-12-22 23:57:05,017 - INFO - Errors: 
2024-12-22 23:57:05,531 - INFO - Sandbox Execution: keystroke input executed.
2024-12-22 23:57:05,531 - INFO - Output: p
2024-12-22 23:57:05,531 - INFO - Errors: 
2024-12-22 23:57:05,733 - INFO - Sandbox Execution: keystroke input executed.
2024-12-22 23:57:05,734 - INFO - Output: u
2024-12-22 23:57:05,734 - INFO - Errors: 
2024-12-22 23:57:06,050 - INFO - Sandbox Execution: keystroke input executed.
2024-12-22 23:57:06,051 - INFO - Output: Key.enter
2024-12-22 23:57:06,051 - INFO - Errors: 
2024-12-22 23:57:09,919 - INFO - Sandbox Execution: keystroke input executed.
2024-12-22 23:57:09,919 - INFO - Output: Key.ctrl
2024-12-22 23:57:09,919 - INFO - Errors: 
2024-12-22 23:57:10,101 - INFO - Sandbox Execution: keystroke input executed.
2024-12-22 23:57:10,101 - INFO - Output: z
2024-12-22 23:57:10,101 - INFO - Errors: 
2024-12-23 23:31:10,904 - INFO - Sandbox Execution: keystroke input executed.
2024-12-23 23:31:10,905 - INFO - Output: chmod +x bad_script.sh
2024-12-23 23:31:10,905 - INFO - Errors: 
2024-12-23 23:31:10,907 - INFO - Sandbox Execution: usb_device input executed.
2024-12-23 23:31:10,907 - INFO - Output: Fake USB Device Info
2024-12-23 23:31:10,907 - INFO - Errors: 
2024-12-23 23:38:34,751 - INFO - Docker Sandbox Execution: keystroke input executed.
2024-12-23 23:38:34,751 - INFO - Output: 
2024-12-23 23:38:34,751 - INFO - Errors: docker: Error response from daemon: Mounts denied: 
The path /tmp/tmpahb2mq67 is not shared from the host and is not known to Docker.
You can configure shared paths from Docker -> Preferences... -> Resources -> File Sharing.
See https://docs.docker.com/ for more info.
time="2024-12-23T23:38:34+05:30" level=error msg="error waiting for container: unexpected EOF"

2024-12-23 23:41:06,778 - ERROR - Docker failed: Unable to find image 'sandbox_image:latest' locally
docker: Error response from daemon: pull access denied for sandbox_image, repository does not exist or may require 'docker login': denied: requested access to the resource is denied.
See 'docker run --help'.
2024-12-23 23:41:10,269 - ERROR - Docker failed: Unable to find image 'sandbox_image:latest' locally
docker: Error response from daemon: pull access denied for sandbox_image, repository does not exist or may require 'docker login': denied: requested access to the resource is denied.
See 'docker run --help'.
2024-12-23 23:43:13,072 - INFO - Sandbox Execution: keystroke input executed.
2024-12-23 23:43:13,072 - INFO - Output: chmod +x bad_script.sh
2024-12-23 23:43:13,072 - INFO - Errors: 
2024-12-23 23:43:13,075 - INFO - Sandbox Execution: usb_device input executed.
2024-12-23 23:43:13,075 - INFO - Output: Fake USB Device Info
2024-12-23 23:43:13,075 - INFO - Errors: 
2024-12-23 23:49:49,398 - INFO - Sandbox Execution: keystroke input executed.
2024-12-23 23:49:49,398 - INFO - Output: chmod +x bad_script.sh
2024-12-23 23:49:49,398 - INFO - Errors: 
2024-12-23 23:49:49,400 - INFO - Sandbox Execution: usb_device input executed.
2024-12-23 23:49:49,400 - INFO - Output: Fake USB Device Info
2024-12-23 23:49:49,400 - INFO - Errors: 
2024-12-26 23:06:11,651 - WARNING - Compiled the loaded model, but the compiled metrics have yet to be built. `model.compile_metrics` will be empty until you train or evaluate the model.
2024-12-26 23:06:11,702 - WARNING - Compiled the loaded model, but the compiled metrics have yet to be built. `model.compile_metrics` will be empty until you train or evaluate the model.
2024-12-26 23:06:14,581 - INFO - Sandbox Execution: usb_device input executed.
2024-12-26 23:06:14,581 - INFO - Output: Bus 001 Device 001: ID 1d6b:0002 Linux Foundation 2.0 root hub
2024-12-26 23:06:14,581 - INFO - Errors: 
2024-12-26 23:06:14,584 - INFO - Sandbox Execution: usb_device input executed.
2024-12-26 23:06:14,584 - INFO - Output: Bus 002 Device 001: ID 1d6b:0003 Linux Foundation 3.0 root hub
2024-12-26 23:06:14,584 - INFO - Errors: 
2024-12-26 23:06:14,587 - INFO - Sandbox Execution: usb_device input executed.
2024-12-26 23:06:14,587 - INFO - Output: Bus 003 Device 001: ID 1d6b:0002 Linux Foundation 2.0 root hub
2024-12-26 23:06:14,587 - INFO - Errors: 
2024-12-26 23:06:14,589 - INFO - Sandbox Execution: usb_device input executed.
2024-12-26 23:06:14,590 - INFO - Output: Bus 003 Device 002: ID 248a:8366 Maxxter Wireless Optical Mouse ACT-MUSW-002
2024-12-26 23:06:14,590 - INFO - Errors: 
2024-12-26 23:06:14,592 - INFO - Sandbox Execution: usb_device input executed.
2024-12-26 23:06:14,592 - INFO - Output: Bus 003 Device 003: ID 04f2:b756 Chicony Electronics Co., Ltd Integrated Camera
2024-12-26 23:06:14,593 - INFO - Errors: 
2024-12-26 23:06:14,595 - INFO - Sandbox Execution: usb_device input executed.
2024-12-26 23:06:14,595 - INFO - Output: Bus 003 Device 004: ID 8087:0033 Intel Corp. AX211 Bluetooth
2024-12-26 23:06:14,596 - INFO - Errors: 
2024-12-26 23:06:14,598 - INFO - Sandbox Execution: usb_device input executed.
2024-12-26 23:06:14,598 - INFO - Output: Bus 004 Device 001: ID 1d6b:0003 Linux Foundation 3.0 root hub
2024-12-26 23:06:14,598 - INFO - Errors: 
2024-12-26 23:06:14,601 - INFO - Sandbox Execution: usb_device input executed.
2024-12-26 23:06:14,602 - INFO - Output: Sample content of the USB device.

2024-12-26 23:06:14,602 - INFO - Errors: 
2024-12-26 23:06:22,451 - INFO - Sandbox Execution: keystroke input executed.
2024-12-26 23:06:22,451 - INFO - Output: l
2024-12-26 23:06:22,451 - INFO - Errors: 
2024-12-26 23:06:22,610 - INFO - Sandbox Execution: keystroke input executed.
2024-12-26 23:06:22,610 - INFO - Output: Key.space
2024-12-26 23:06:22,610 - INFO - Errors: 
2024-12-26 23:06:23,940 - INFO - Sandbox Execution: keystroke input executed.
2024-12-26 23:06:23,940 - INFO - Output: s
2024-12-26 23:06:23,941 - INFO - Errors: 
2024-12-26 23:06:24,044 - INFO - Sandbox Execution: keystroke input executed.
2024-12-26 23:06:24,044 - INFO - Output: Key.space
2024-12-26 23:06:24,044 - INFO - Errors: 
2024-12-26 23:06:24,285 - INFO - Sandbox Execution: keystroke input executed.
2024-12-26 23:06:24,285 - INFO - Output: -
2024-12-26 23:06:24,286 - INFO - Errors: 
2024-12-26 23:06:24,596 - INFO - Sandbox Execution: keystroke input executed.
2024-12-26 23:06:24,596 - INFO - Output: Key.enter
2024-12-26 23:06:24,596 - INFO - Errors: 
2024-12-26 23:06:28,116 - INFO - Sandbox Execution: keystroke input executed.
2024-12-26 23:06:28,116 - INFO - Output: l
2024-12-26 23:06:28,116 - INFO - Errors: 
2024-12-26 23:06:28,201 - INFO - Sandbox Execution: keystroke input executed.
2024-12-26 23:06:28,202 - INFO - Output: s
2024-12-26 23:06:28,202 - INFO - Errors: 
2024-12-26 23:06:28,333 - INFO - Sandbox Execution: keystroke input executed.
2024-12-26 23:06:28,334 - INFO - Output: Key.space
2024-12-26 23:06:28,334 - INFO - Errors: 
2024-12-26 23:06:28,562 - INFO - Sandbox Execution: keystroke input executed.
2024-12-26 23:06:28,562 - INFO - Output: -
2024-12-26 23:06:28,563 - INFO - Errors: 
2024-12-26 23:06:30,109 - INFO - Sandbox Execution: keystroke input executed.
2024-12-26 23:06:30,110 - INFO - Output: Key.enter
2024-12-26 23:06:30,110 - INFO - Errors: 
2024-12-26 23:06:33,610 - INFO - Sandbox Execution: keystroke input executed.
2024-12-26 23:06:33,610 - INFO - Output: c
2024-12-26 23:06:33,611 - INFO - Errors: 
2024-12-26 23:06:33,677 - INFO - Sandbox Execution: keystroke input executed.
2024-12-26 23:06:33,677 - INFO - Output: h
2024-12-26 23:06:33,677 - INFO - Errors: 
2024-12-26 23:06:33,900 - INFO - Sandbox Execution: keystroke input executed.
2024-12-26 23:06:33,900 - INFO - Output: m
2024-12-26 23:06:33,901 - INFO - Errors: 
2024-12-26 23:06:33,994 - INFO - Sandbox Execution: keystroke input executed.
2024-12-26 23:06:33,994 - INFO - Output: o
2024-12-26 23:06:33,994 - INFO - Errors: 
2024-12-26 23:06:34,086 - INFO - Sandbox Execution: keystroke input executed.
2024-12-26 23:06:34,086 - INFO - Output: d
2024-12-26 23:06:34,086 - INFO - Errors: 
2024-12-26 23:06:34,233 - INFO - Sandbox Execution: keystroke input executed.
2024-12-26 23:06:34,233 - INFO - Output: Key.space
2024-12-26 23:06:34,233 - INFO - Errors: 
2024-12-26 23:06:34,471 - INFO - Sandbox Execution: keystroke input executed.
2024-12-26 23:06:34,471 - INFO - Output: Key.shift
2024-12-26 23:06:34,472 - INFO - Errors: 
2024-12-26 23:06:34,749 - INFO - Sandbox Execution: keystroke input executed.
2024-12-26 23:06:34,749 - INFO - Output: _
2024-12-26 23:06:34,749 - INFO - Errors: 
2024-12-26 23:06:35,611 - INFO - Sandbox Execution: keystroke input executed.
2024-12-26 23:06:35,611 - INFO - Output: x
2024-12-26 23:06:35,611 - INFO - Errors: 
2024-12-26 23:06:35,780 - INFO - Sandbox Execution: keystroke input executed.
2024-12-26 23:06:35,780 - INFO - Output: Key.enter
2024-12-26 23:06:35,780 - INFO - Errors: 
2024-12-26 23:06:40,033 - INFO - Sandbox Execution: keystroke input executed.
2024-12-26 23:06:40,033 - INFO - Output: s
2024-12-26 23:06:40,033 - INFO - Errors: 
2024-12-26 23:06:40,208 - INFO - Sandbox Execution: keystroke input executed.
2024-12-26 23:06:40,208 - INFO - Output: u
2024-12-26 23:06:40,208 - INFO - Errors: 
2024-12-26 23:06:40,336 - INFO - Sandbox Execution: keystroke input executed.
2024-12-26 23:06:40,336 - INFO - Output: d
2024-12-26 23:06:40,336 - INFO - Errors: 
2024-12-26 23:06:40,402 - INFO - Sandbox Execution: keystroke input executed.
2024-12-26 23:06:40,402 - INFO - Output: o
2024-12-26 23:06:40,402 - INFO - Errors: 
2024-12-26 23:06:40,590 - INFO - Sandbox Execution: keystroke input executed.
2024-12-26 23:06:40,590 - INFO - Output: Key.space
2024-12-26 23:06:40,590 - INFO - Errors: 
2024-12-26 23:06:41,667 - INFO - Sandbox Execution: keystroke input executed.
2024-12-26 23:06:41,668 - INFO - Output: w
2024-12-26 23:06:41,668 - INFO - Errors: 
2024-12-26 23:06:42,158 - INFO - Sandbox Execution: keystroke input executed.
2024-12-26 23:06:42,158 - INFO - Output: g
2024-12-26 23:06:42,158 - INFO - Errors: 
2024-12-26 23:06:42,274 - INFO - Sandbox Execution: keystroke input executed.
2024-12-26 23:06:42,274 - INFO - Output: e
2024-12-26 23:06:42,274 - INFO - Errors: 
2024-12-26 23:06:42,327 - INFO - Sandbox Execution: keystroke input executed.
2024-12-26 23:06:42,327 - INFO - Output: t
2024-12-26 23:06:42,327 - INFO - Errors: 
2024-12-26 23:06:42,677 - INFO - Sandbox Execution: keystroke input executed.
2024-12-26 23:06:42,678 - INFO - Output: Key.enter
2024-12-26 23:06:42,678 - INFO - Errors: 
2024-12-26 23:06:43,721 - INFO - Sandbox Execution: keystroke input executed.
2024-12-26 23:06:43,721 - INFO - Output: c
2024-12-26 23:06:43,721 - INFO - Errors: 
2024-12-26 23:06:43,835 - INFO - Sandbox Execution: keystroke input executed.
2024-12-26 23:06:43,835 - INFO - Output: l
2024-12-26 23:06:43,835 - INFO - Errors: 
2024-12-26 23:06:44,027 - INFO - Sandbox Execution: keystroke input executed.
2024-12-26 23:06:44,027 - INFO - Output: e
2024-12-26 23:06:44,028 - INFO - Errors: 
2024-12-26 23:06:44,259 - INFO - Sandbox Execution: keystroke input executed.
2024-12-26 23:06:44,259 - INFO - Output: a
2024-12-26 23:06:44,260 - INFO - Errors: 
2024-12-26 23:06:44,464 - INFO - Sandbox Execution: keystroke input executed.
2024-12-26 23:06:44,465 - INFO - Output: r
2024-12-26 23:06:44,465 - INFO - Errors: 
2024-12-26 23:06:44,613 - INFO - Sandbox Execution: keystroke input executed.
2024-12-26 23:06:44,613 - INFO - Output: Key.enter
2024-12-26 23:06:44,613 - INFO - Errors: 
2024-12-26 23:07:04,108 - INFO - Sandbox Execution: usb_device input executed.
2024-12-26 23:07:04,108 - INFO - Output: Bus 001 Device 001: ID 1d6b:0002 Linux Foundation 2.0 root hub
2024-12-26 23:07:04,108 - INFO - Errors: 
2024-12-26 23:07:04,110 - INFO - Sandbox Execution: usb_device input executed.
2024-12-26 23:07:04,111 - INFO - Output: Bus 002 Device 001: ID 1d6b:0003 Linux Foundation 3.0 root hub
2024-12-26 23:07:04,111 - INFO - Errors: 
2024-12-26 23:07:04,113 - INFO - Sandbox Execution: usb_device input executed.
2024-12-26 23:07:04,113 - INFO - Output: Bus 003 Device 001: ID 1d6b:0002 Linux Foundation 2.0 root hub
2024-12-26 23:07:04,113 - INFO - Errors: 
2024-12-26 23:07:04,115 - INFO - Sandbox Execution: usb_device input executed.
2024-12-26 23:07:04,115 - INFO - Output: Bus 003 Device 002: ID 248a:8366 Maxxter Wireless Optical Mouse ACT-MUSW-002
2024-12-26 23:07:04,115 - INFO - Errors: 
2024-12-26 23:07:04,118 - INFO - Sandbox Execution: usb_device input executed.
2024-12-26 23:07:04,118 - INFO - Output: Bus 003 Device 003: ID 04f2:b756 Chicony Electronics Co., Ltd Integrated Camera
2024-12-26 23:07:04,118 - INFO - Errors: 
2024-12-26 23:07:04,121 - INFO - Sandbox Execution: usb_device input executed.
2024-12-26 23:07:04,121 - INFO - Output: Bus 003 Device 004: ID 8087:0033 Intel Corp. AX211 Bluetooth
2024-12-26 23:07:04,121 - INFO - Errors: 
2024-12-26 23:07:04,124 - INFO - Sandbox Execution: usb_device input executed.
2024-12-26 23:07:04,124 - INFO - Output: Bus 004 Device 001: ID 1d6b:0003 Linux Foundation 3.0 root hub
2024-12-26 23:07:04,124 - INFO - Errors: 
2024-12-26 23:07:04,127 - INFO - Sandbox Execution: usb_device input executed.
2024-12-26 23:07:04,128 - INFO - Output: Sample content of the USB device.

2024-12-26 23:07:04,128 - INFO - Errors: 
